C:\Program Files (x86)\Microsoft Visual Studio\2019\Community\MSBuild\Microsoft\VC\v160\Microsoft.CppBuild.targets(519,5): warning MSB8028: промежуточный каталог (x64\Debug\) содержит файлы, которые используются совместно с другим проектом (huyna.vcxproj).  Это может привести к ошибкам очистки и перестроения.
  Block.cpp
  Map.cpp
C:\Users\MRem\Documents\GitHub\Games\nya\Map.cpp(49,85): warning C4244: аргумент: преобразование "double" в "float", возможна потеря данных
C:\Users\MRem\Documents\GitHub\Games\nya\Map.cpp(49,57): warning C4244: аргумент: преобразование "double" в "float", возможна потеря данных
C:\Users\MRem\Documents\GitHub\Games\nya\Map.cpp(49,157): warning C4244: аргумент: преобразование "double" в "float", возможна потеря данных
C:\Users\MRem\Documents\GitHub\Games\nya\Map.cpp(49,125): warning C4244: аргумент: преобразование "double" в "float", возможна потеря данных
C:\Users\MRem\Documents\GitHub\Games\nya\Map.cpp(50,68): warning C4244: аргумент: преобразование "double" в "float", возможна потеря данных
C:\Users\MRem\Documents\GitHub\Games\nya\Map.cpp(50,36): warning C4244: аргумент: преобразование "double" в "float", возможна потеря данных
C:\Users\MRem\Documents\GitHub\Games\nya\Map.cpp(50,152): warning C4244: аргумент: преобразование "double" в "float", возможна потеря данных
C:\Users\MRem\Documents\GitHub\Games\nya\Map.cpp(50,116): warning C4244: аргумент: преобразование "double" в "float", возможна потеря данных
C:\Users\MRem\Documents\GitHub\Games\nya\Map.cpp(78,15): warning C4244: =: преобразование "float" в "unsigned int", возможна потеря данных
  nya.cpp
C:\Users\MRem\Documents\GitHub\Games\nya\nya.cpp(28,15): warning C4244: аргумент: преобразование "time_t" в "unsigned int", возможна потеря данных
C:\Users\MRem\Documents\GitHub\Games\nya\nya.cpp(50,47): warning C4244: аргумент: преобразование "int" в "float", возможна потеря данных
C:\Users\MRem\Documents\GitHub\Games\nya\nya.cpp(50,44): warning C4244: аргумент: преобразование "int" в "float", возможна потеря данных
C:\Users\MRem\Documents\GitHub\Games\nya\nya.cpp(57,42): warning C4244: =: преобразование "unsigned int" в "T", возможна потеря данных
          with
          [
              T=float
          ]
C:\Users\MRem\Documents\GitHub\Games\nya\nya.cpp(58,42): warning C4244: =: преобразование "unsigned int" в "T", возможна потеря данных
          with
          [
              T=float
          ]
C:\Users\MRem\Documents\GitHub\Games\nya\nya.cpp(59,49): warning C4244: аргумент: преобразование "T" в "unsigned int", возможна потеря данных
          with
          [
              T=float
          ]
C:\Users\MRem\Documents\GitHub\Games\nya\nya.cpp(59,40): warning C4244: аргумент: преобразование "T" в "unsigned int", возможна потеря данных
          with
          [
              T=float
          ]
C:\Users\MRem\Documents\GitHub\Games\nya\nya.cpp(96,20): warning C4244: инициализация: преобразование "sf::Int64" в "float", возможна потеря данных
C:\Users\MRem\Documents\GitHub\Games\nya\nya.cpp(97,25): warning C4244: инициализация: преобразование "sf::Int64" в "float", возможна потеря данных
C:\Users\MRem\Documents\GitHub\Games\nya\nya.cpp(122,34): warning C4305: =: усечение из "double" в "float"
C:\Users\MRem\Documents\GitHub\Games\nya\nya.cpp(124,55): warning C4244: -=: преобразование "double" в "float", возможна потеря данных
C:\Users\MRem\Documents\GitHub\Games\nya\nya.cpp(132,31): warning C4305: =: усечение из "double" в "float"
C:\Users\MRem\Documents\GitHub\Games\nya\nya.cpp(133,55): warning C4244: -=: преобразование "double" в "float", возможна потеря данных
C:\Users\MRem\Documents\GitHub\Games\nya\nya.cpp(141,35): warning C4305: =: усечение из "double" в "float"
C:\Users\MRem\Documents\GitHub\Games\nya\nya.cpp(146,34): warning C4305: =: усечение из "double" в "float"
C:\Users\MRem\Documents\GitHub\Games\nya\nya.cpp(157,37): warning C4244: аргумент: преобразование "float" в "int", возможна потеря данных
C:\Users\MRem\Documents\GitHub\Games\nya\nya.cpp(157,29): warning C4244: аргумент: преобразование "float" в "int", возможна потеря данных
  player.cpp
C:\Users\MRem\Documents\GitHub\Games\nya\player.cpp(20,37): warning C4244: +=: преобразование "double" в "float", возможна потеря данных
  Создание кода...
  huyna.vcxproj -> C:\Users\MRem\Documents\GitHub\Games\nya\x64\Debug\nya.exe
